2020-01-30 08:12:57,046 [main] INFO nopCommerce - ******Opening Browsers******
2020-01-30 08:13:07,627 [main] INFO nopCommerce - ******Opening URL******
2020-01-30 08:13:10,690 [main] INFO nopCommerce - ******Providing Username and Password******
2020-01-30 08:13:11,033 [main] INFO nopCommerce - ******Click on Sign******
2020-01-30 08:13:23,198 [main] INFO nopCommerce - ******Login Passed******
2020-01-30 08:13:23,209 [main] INFO nopCommerce - ******Click on Logout******
2020-01-30 08:13:29,316 [main] INFO nopCommerce - ******Login Passed******
2020-01-30 08:13:29,324 [main] INFO nopCommerce - ******Close the browser******
2020-01-30 08:13:29,585 [main] INFO nopCommerce - ******Opening Browsers******
2020-01-30 08:13:39,248 [main] INFO nopCommerce - ******Opening URL******
2020-01-30 08:13:40,925 [main] INFO nopCommerce - ******Providing Username and Password******
2020-01-30 08:13:41,252 [main] INFO nopCommerce - ******Click on Sign******
2020-01-30 08:13:52,265 [main] INFO nopCommerce - ******Login Passed******
2020-01-30 08:13:52,272 [main] INFO nopCommerce - ******Click on Logout******
2020-01-30 08:13:57,278 [main] INFO nopCommerce - ******Login Passed******
2020-01-30 08:13:57,289 [main] INFO nopCommerce - ******Close the browser******
2020-01-30 08:13:57,583 [main] INFO nopCommerce - ******Opening Browsers******
2020-01-30 08:14:07,376 [main] INFO nopCommerce - ******Opening URL******
2020-01-30 08:14:10,344 [main] INFO nopCommerce - ******Providing Username and Password******
2020-01-30 08:14:10,647 [main] INFO nopCommerce - ******Click on Sign******
2020-01-30 08:14:22,407 [main] INFO nopCommerce - ******Login Passed******
2020-01-30 08:14:22,417 [main] INFO nopCommerce - ******Click on Logout******
2020-01-30 08:14:27,423 [main] INFO nopCommerce - ******Login Passed******
2020-01-30 08:14:27,446 [main] INFO nopCommerce - ******Close the browser******
2020-01-31 22:55:33,563 [main] INFO nopCommerce - ******Opening Browsers******
2020-01-31 22:55:50,404 [main] INFO nopCommerce - ******Opening URL******
2020-01-31 22:55:57,033 [main] INFO nopCommerce - ******Providing Username and Password******
2020-01-31 22:55:57,718 [main] INFO nopCommerce - ******Click on Sign******
2020-01-31 22:56:12,263 [main] INFO nopCommerce - ******Login Passed******
2020-01-31 22:56:12,279 [main] INFO nopCommerce - ******Click on Logout******
2020-01-31 22:56:18,403 [main] INFO nopCommerce - ******Login Passed******
2020-01-31 22:56:18,426 [main] INFO nopCommerce - ******Close the browser******
2020-01-31 22:56:18,715 [main] INFO nopCommerce - ******Opening Browsers******
2020-01-31 22:56:28,268 [main] INFO nopCommerce - ******Opening URL******
2020-01-31 22:56:31,315 [main] INFO nopCommerce - ******Providing Username and Password******
2020-01-31 22:56:31,632 [main] INFO nopCommerce - ******Click on Sign******
2020-01-31 22:56:43,595 [main] INFO nopCommerce - ******Login Passed******
2020-01-31 22:56:43,611 [main] INFO nopCommerce - ******Click on Logout******
2020-01-31 22:56:50,024 [main] INFO nopCommerce - ******Login Passed******
2020-01-31 22:56:50,045 [main] INFO nopCommerce - ******Close the browser******
2020-01-31 22:56:50,279 [main] INFO nopCommerce - ******Opening Browsers******
2020-01-31 22:56:59,899 [main] INFO nopCommerce - ******Opening URL******
2020-01-31 22:57:03,760 [main] INFO nopCommerce - ******Providing Username and Password******
2020-01-31 22:57:04,099 [main] INFO nopCommerce - ******Click on Sign******
2020-01-31 22:57:15,904 [main] INFO nopCommerce - ******Login Passed******
2020-01-31 22:57:15,922 [main] INFO nopCommerce - ******Click on Logout******
2020-01-31 22:57:21,066 [main] INFO nopCommerce - ******Login Passed******
2020-01-31 22:57:21,086 [main] INFO nopCommerce - ******Close the browser******
2020-02-01 05:59:06,683 [main] INFO nopCommerce - ******Opening Browsers******
2020-02-01 05:59:11,041 [main] INFO nopCommerce - ******Opening URL******
2020-02-01 05:59:31,190 [main] INFO nopCommerce - ******Providing Username and Password******
2020-02-01 05:59:31,478 [main] INFO nopCommerce - ******Click on Sign******
2020-02-01 05:59:53,485 [main] INFO nopCommerce - ******Login Passed******
2020-02-01 05:59:53,504 [main] INFO nopCommerce - ******Click on Logout******
2020-02-01 05:59:58,652 [main] INFO nopCommerce - ******Login Passed******
2020-02-01 05:59:58,676 [main] INFO nopCommerce - ******Close the browser******
2020-02-01 06:00:04,443 [main] INFO nopCommerce - ******Opening Browsers******
2020-02-01 06:00:08,615 [main] INFO nopCommerce - ******Opening URL******
2020-02-01 06:00:11,390 [main] INFO nopCommerce - ******Providing Username and Password******
2020-02-01 06:00:11,674 [main] INFO nopCommerce - ******Click on Sign******
2020-02-01 06:00:26,077 [main] INFO nopCommerce - ******Login Passed******
2020-02-01 06:00:26,095 [main] INFO nopCommerce - ******Click on Logout******
2020-02-01 06:00:32,255 [main] INFO nopCommerce - ******Login Passed******
2020-02-01 06:00:32,277 [main] INFO nopCommerce - ******Close the browser******
2020-02-01 06:00:37,921 [main] INFO nopCommerce - ******Opening Browsers******
2020-02-01 06:00:42,051 [main] INFO nopCommerce - ******Opening URL******
2020-02-01 06:00:43,843 [main] INFO nopCommerce - ******Providing Username and Password******
2020-02-01 06:00:44,093 [main] INFO nopCommerce - ******Click on Sign******
2020-02-01 06:00:53,732 [main] INFO nopCommerce - ******Login Passed******
2020-02-01 06:00:53,750 [main] INFO nopCommerce - ******Click on Logout******
2020-02-01 06:00:58,763 [main] INFO nopCommerce - ******Login Passed******
2020-02-01 06:00:58,785 [main] INFO nopCommerce - ******Close the browser******
2020-02-01 06:03:40,811 [main] INFO nopCommerce - ******Opening Browsers******
2020-02-01 06:03:41,387 [main] INFO nopCommerce - ******Opening URL******
2020-02-01 06:03:44,749 [main] INFO nopCommerce - ******Providing Username and Password******
2020-02-01 06:03:44,976 [main] INFO nopCommerce - ******Click on Sign******
2020-02-01 06:03:59,770 [main] INFO nopCommerce - ******Login Passed******
2020-02-01 06:03:59,781 [main] INFO nopCommerce - ******Click on Logout******
2020-02-01 06:04:04,730 [main] INFO nopCommerce - ******Login Passed******
2020-02-01 06:04:04,801 [main] INFO nopCommerce - ******Close the browser******
2020-02-01 06:04:14,507 [main] INFO nopCommerce - ******Opening Browsers******
2020-02-01 06:04:14,806 [main] INFO nopCommerce - ******Opening URL******
2020-02-01 06:04:17,948 [main] INFO nopCommerce - ******Providing Username and Password******
2020-02-01 06:04:18,067 [main] INFO nopCommerce - ******Click on Sign******
2020-02-01 06:04:31,803 [main] INFO nopCommerce - ******Login Passed******
2020-02-01 06:04:31,814 [main] INFO nopCommerce - ******Click on Logout******
2020-02-01 06:04:39,237 [main] INFO nopCommerce - ******Login Passed******
2020-02-01 06:04:39,251 [main] INFO nopCommerce - ******Close the browser******
2020-02-01 06:04:48,143 [main] INFO nopCommerce - ******Opening Browsers******
2020-02-01 06:04:48,471 [main] INFO nopCommerce - ******Opening URL******
2020-02-01 06:04:51,737 [main] INFO nopCommerce - ******Providing Username and Password******
2020-02-01 06:04:51,861 [main] INFO nopCommerce - ******Click on Sign******
2020-02-01 06:05:05,532 [main] INFO nopCommerce - ******Login Passed******
2020-02-01 06:05:05,544 [main] INFO nopCommerce - ******Click on Logout******
2020-02-01 06:05:11,897 [main] INFO nopCommerce - ******Login Passed******
2020-02-01 06:05:11,914 [main] INFO nopCommerce - ******Close the browser******
2020-02-01 06:05:53,345 [main] INFO nopCommerce - ******Opening Browsers******
2020-02-01 06:05:53,582 [main] INFO nopCommerce - ******Opening URL******
2020-02-01 06:06:21,807 [main] INFO nopCommerce - ******Providing Username and Password******
2020-02-01 06:06:24,818 [main] INFO nopCommerce - ******Opening Browsers******
2020-02-01 06:06:24,839 [main] INFO nopCommerce - ******Opening URL******
2020-02-01 06:06:24,895 [main] INFO nopCommerce - ******Providing Username and Password******
2020-02-01 06:06:27,448 [main] INFO nopCommerce - ******Opening Browsers******
2020-02-01 06:06:27,471 [main] INFO nopCommerce - ******Opening URL******
2020-02-01 06:06:27,534 [main] INFO nopCommerce - ******Providing Username and Password******
2020-02-01 06:07:39,430 [main] INFO nopCommerce - ******Opening Browsers******
2020-02-01 06:07:39,702 [main] INFO nopCommerce - ******Opening URL******
2020-02-01 06:07:39,815 [main] INFO nopCommerce - ******Providing Username and Password******
2020-02-01 06:07:42,141 [main] INFO nopCommerce - ******Opening Browsers******
2020-02-01 06:07:42,163 [main] INFO nopCommerce - ******Opening URL******
2020-02-01 06:07:42,225 [main] INFO nopCommerce - ******Providing Username and Password******
2020-02-01 06:07:44,554 [main] INFO nopCommerce - ******Opening Browsers******
2020-02-01 06:07:44,578 [main] INFO nopCommerce - ******Opening URL******
2020-02-01 06:07:44,673 [main] INFO nopCommerce - ******Providing Username and Password******
2020-02-01 06:10:46,795 [main] INFO nopCommerce - ******Opening Browsers******
2020-02-01 06:10:47,010 [main] INFO nopCommerce - ******Opening URL******
2020-02-01 06:10:47,063 [main] INFO nopCommerce - ******Providing Username and Password******
2020-02-01 06:10:52,690 [main] INFO nopCommerce - ******Opening Browsers******
2020-02-01 06:10:52,717 [main] INFO nopCommerce - ******Opening URL******
2020-02-01 06:10:52,780 [main] INFO nopCommerce - ******Providing Username and Password******
2020-02-01 06:10:58,268 [main] INFO nopCommerce - ******Opening Browsers******
2020-02-01 06:10:58,294 [main] INFO nopCommerce - ******Opening URL******
2020-02-01 06:10:58,353 [main] INFO nopCommerce - ******Providing Username and Password******
2020-02-01 06:20:44,487 [main] INFO nopCommerce - ******Opening Browsers******
2020-02-01 06:20:48,912 [main] INFO nopCommerce - ******Opening URL******
2020-02-01 06:20:52,799 [main] INFO nopCommerce - ******Providing Username and Password******
2020-02-01 06:20:53,097 [main] INFO nopCommerce - ******Click on Sign******
2020-02-01 06:21:05,393 [main] INFO nopCommerce - ******Login Passed******
2020-02-01 06:21:05,418 [main] INFO nopCommerce - ******Click on Logout******
2020-02-01 06:21:10,469 [main] INFO nopCommerce - ******Login Passed******
2020-02-01 06:21:10,492 [main] INFO nopCommerce - ******Close the browser******
2020-02-01 06:21:42,260 [main] INFO nopCommerce - ******Opening Browsers******
2020-02-01 06:21:46,695 [main] INFO nopCommerce - ******Opening URL******
2020-02-01 06:21:49,771 [main] INFO nopCommerce - ******Providing Username and Password******
2020-02-01 06:21:50,072 [main] INFO nopCommerce - ******Click on Sign******
2020-02-01 06:22:36,780 [main] INFO nopCommerce - *****New Customer added successfully******
2020-02-01 06:22:37,257 [main] INFO nopCommerce - ******Close the browser******
2020-02-01 06:22:43,174 [main] INFO nopCommerce - ******Opening Browsers******
2020-02-01 06:22:47,304 [main] INFO nopCommerce - ******Opening URL******
2020-02-01 06:22:50,564 [main] INFO nopCommerce - ******Providing Username and Password******
2020-02-01 06:22:50,815 [main] INFO nopCommerce - ******Click on Sign******
2020-02-01 06:23:05,702 [main] INFO nopCommerce - ******Login Passed******
2020-02-01 06:23:05,718 [main] INFO nopCommerce - ******Click on Logout******
2020-02-01 06:23:12,002 [main] INFO nopCommerce - ******Login Passed******
2020-02-01 06:23:12,028 [main] INFO nopCommerce - ******Close the browser******
2020-02-01 06:29:54,942 [main] INFO nopCommerce - ******Opening Browsers******
2020-02-01 06:29:59,321 [main] INFO nopCommerce - ******Opening URL******
2020-02-01 06:30:02,272 [main] INFO nopCommerce - ******Providing Username and Password******
2020-02-01 06:30:02,589 [main] INFO nopCommerce - ******Click on Sign******
2020-02-01 06:30:45,363 [main] INFO nopCommerce - *****New Customer added successfully******
2020-02-01 06:30:45,793 [main] INFO nopCommerce - ******Close the browser******
2020-02-01 06:30:51,606 [main] INFO nopCommerce - ******Opening Browsers******
2020-02-01 06:30:55,733 [main] INFO nopCommerce - ******Opening URL******
2020-02-01 06:30:58,547 [main] INFO nopCommerce - ******Providing Username and Password******
2020-02-01 06:30:58,817 [main] INFO nopCommerce - ******Click on Sign******
2020-02-01 06:31:16,860 [main] INFO nopCommerce - ******Searching the customer by email******
2020-02-01 06:31:17,055 [main] INFO nopCommerce - ******Close the browser******
2020-02-01 06:31:22,938 [main] INFO nopCommerce - ******Opening Browsers******
2020-02-01 06:31:27,072 [main] INFO nopCommerce - ******Opening URL******
2020-02-01 06:31:29,969 [main] INFO nopCommerce - ******Providing Username and Password******
2020-02-01 06:31:30,264 [main] INFO nopCommerce - ******Click on Sign******
2020-02-01 06:31:51,534 [main] INFO nopCommerce - ******Searching the customer by email******
2020-02-01 06:31:51,756 [main] INFO nopCommerce - ******Search the customer by name******
2020-02-01 06:31:51,757 [main] INFO nopCommerce - ******Close the browser******
2020-02-01 06:31:57,627 [main] INFO nopCommerce - ******Opening Browsers******
2020-02-01 06:32:01,804 [main] INFO nopCommerce - ******Opening URL******
2020-02-01 06:32:04,628 [main] INFO nopCommerce - ******Providing Username and Password******
2020-02-01 06:32:05,035 [main] INFO nopCommerce - ******Click on Sign******
2020-02-01 06:32:14,539 [main] INFO nopCommerce - ******Login Passed******
2020-02-01 06:32:14,550 [main] INFO nopCommerce - ******Click on Logout******
2020-02-01 06:32:19,622 [main] INFO nopCommerce - ******Login Passed******
2020-02-01 06:32:19,645 [main] INFO nopCommerce - ******Close the browser******
2020-02-01 06:32:25,482 [main] INFO nopCommerce - ******Opening Browsers******
2020-02-01 06:32:29,658 [main] INFO nopCommerce - ******Opening URL******
2020-02-01 06:32:32,524 [main] INFO nopCommerce - ******Providing Username and Password******
2020-02-01 06:32:32,842 [main] INFO nopCommerce - ******Click on Sign******
2020-02-01 06:32:46,287 [main] INFO nopCommerce - ******Login Passed******
2020-02-01 06:32:46,304 [main] INFO nopCommerce - ******Click on Logout******
2020-02-01 06:32:51,424 [main] INFO nopCommerce - ******Login Passed******
2020-02-01 06:32:51,445 [main] INFO nopCommerce - ******Close the browser******
2020-02-01 06:32:57,400 [main] INFO nopCommerce - ******Opening Browsers******
2020-02-01 06:33:01,579 [main] INFO nopCommerce - ******Opening URL******
2020-02-01 06:33:05,264 [main] INFO nopCommerce - ******Providing Username and Password******
2020-02-01 06:33:05,576 [main] INFO nopCommerce - ******Click on Sign******
2020-02-01 06:33:15,076 [main] INFO nopCommerce - ******Login Passed******
2020-02-01 06:33:15,086 [main] INFO nopCommerce - ******Click on Logout******
2020-02-01 06:33:20,074 [main] INFO nopCommerce - ******Login Passed******
2020-02-01 06:33:20,097 [main] INFO nopCommerce - ******Close the browser******
2020-02-01 06:56:26,194 [main] INFO nopCommerce - ******Opening Browsers******
2020-02-01 06:56:30,641 [main] INFO nopCommerce - ******Opening URL******
2020-02-01 06:56:33,462 [main] INFO nopCommerce - ******Providing Username and Password******
2020-02-01 06:56:33,786 [main] INFO nopCommerce - ******Click on Sign******
2020-02-01 06:57:24,999 [main] INFO nopCommerce - *****New Customer added successfully******
2020-02-01 06:57:25,355 [main] INFO nopCommerce - ******Close the browser******
2020-02-01 06:57:31,049 [main] INFO nopCommerce - ******Opening Browsers******
2020-02-01 06:57:35,203 [main] INFO nopCommerce - ******Opening URL******
2020-02-01 06:57:38,111 [main] INFO nopCommerce - ******Providing Username and Password******
2020-02-01 06:57:38,400 [main] INFO nopCommerce - ******Click on Sign******
2020-02-01 06:57:59,334 [main] INFO nopCommerce - ******Searching the customer by email******
2020-02-01 06:57:59,546 [main] INFO nopCommerce - ******Close the browser******
2020-02-01 06:58:05,398 [main] INFO nopCommerce - ******Opening Browsers******
2020-02-01 06:58:09,595 [main] INFO nopCommerce - ******Opening URL******
2020-02-01 06:58:11,407 [main] INFO nopCommerce - ******Providing Username and Password******
2020-02-01 06:58:11,683 [main] INFO nopCommerce - ******Click on Sign******
2020-02-01 06:58:30,919 [main] INFO nopCommerce - ******Searching the customer by email******
2020-02-01 06:58:31,080 [main] INFO nopCommerce - ******Search the customer by name******
2020-02-01 06:58:31,082 [main] INFO nopCommerce - ******Close the browser******
2020-02-01 06:58:36,707 [main] INFO nopCommerce - ******Opening Browsers******
2020-02-01 06:58:40,846 [main] INFO nopCommerce - ******Opening URL******
2020-02-01 06:58:44,077 [main] INFO nopCommerce - ******Providing Username and Password******
2020-02-01 06:58:44,345 [main] INFO nopCommerce - ******Click on Sign******
2020-02-01 06:58:58,886 [main] INFO nopCommerce - ******Login Passed******
2020-02-01 06:58:58,907 [main] INFO nopCommerce - ******Click on Logout******
2020-02-01 06:59:06,809 [main] INFO nopCommerce - ******Login Passed******
2020-02-01 06:59:06,836 [main] INFO nopCommerce - ******Close the browser******
2020-02-01 06:59:12,612 [main] INFO nopCommerce - ******Opening Browsers******
2020-02-01 06:59:16,748 [main] INFO nopCommerce - ******Opening URL******
2020-02-01 06:59:18,382 [main] INFO nopCommerce - ******Providing Username and Password******
2020-02-01 06:59:18,672 [main] INFO nopCommerce - ******Click on Sign******
2020-02-01 06:59:28,781 [main] INFO nopCommerce - ******Login Passed******
2020-02-01 06:59:28,799 [main] INFO nopCommerce - ******Click on Logout******
2020-02-01 06:59:33,890 [main] INFO nopCommerce - ******Login Passed******
2020-02-01 06:59:33,905 [main] INFO nopCommerce - ******Close the browser******
2020-02-01 06:59:40,103 [main] INFO nopCommerce - ******Opening Browsers******
2020-02-01 06:59:44,293 [main] INFO nopCommerce - ******Opening URL******
2020-02-01 06:59:47,215 [main] INFO nopCommerce - ******Providing Username and Password******
2020-02-01 06:59:47,500 [main] INFO nopCommerce - ******Click on Sign******
2020-02-01 06:59:56,904 [main] INFO nopCommerce - ******Login Passed******
2020-02-01 06:59:56,923 [main] INFO nopCommerce - ******Click on Logout******
2020-02-01 07:00:01,918 [main] INFO nopCommerce - ******Login Passed******
2020-02-01 07:00:01,940 [main] INFO nopCommerce - ******Close the browser******
2020-02-01 07:05:18,632 [main] INFO nopCommerce - ******Opening Browsers******
2020-02-01 07:15:02,447 [main] INFO nopCommerce - ******Opening Browsers******
2020-02-01 07:15:06,782 [main] INFO nopCommerce - ******Opening URL******
2020-02-01 07:15:09,581 [main] INFO nopCommerce - ******Providing Username and Password******
2020-02-01 07:15:09,872 [main] INFO nopCommerce - ******Click on Sign******
2020-02-01 07:15:56,719 [main] INFO nopCommerce - *****New Customer added successfully******
2020-02-01 07:15:57,431 [main] INFO nopCommerce - ******Close the browser******
2020-02-01 07:16:03,092 [main] INFO nopCommerce - ******Opening Browsers******
2020-02-01 07:16:07,222 [main] INFO nopCommerce - ******Opening URL******
2020-02-01 07:16:10,184 [main] INFO nopCommerce - ******Providing Username and Password******
2020-02-01 07:16:10,409 [main] INFO nopCommerce - ******Click on Sign******
2020-02-01 07:16:30,322 [main] INFO nopCommerce - ******Searching the customer by email******
2020-02-01 07:16:30,517 [main] INFO nopCommerce - ******Close the browser******
2020-02-01 07:16:37,802 [main] INFO nopCommerce - ******Opening Browsers******
2020-02-01 07:16:41,944 [main] INFO nopCommerce - ******Opening URL******
2020-02-01 07:16:44,735 [main] INFO nopCommerce - ******Providing Username and Password******
2020-02-01 07:16:44,973 [main] INFO nopCommerce - ******Click on Sign******
2020-02-01 07:17:08,185 [main] INFO nopCommerce - ******Searching the customer by email******
2020-02-01 07:17:08,306 [main] INFO nopCommerce - ******Search the customer by name******
2020-02-01 07:17:08,308 [main] INFO nopCommerce - ******Close the browser******
2020-02-01 07:17:13,924 [main] INFO nopCommerce - ******Opening Browsers******
2020-02-01 07:17:18,052 [main] INFO nopCommerce - ******Opening URL******
2020-02-01 07:17:20,822 [main] INFO nopCommerce - ******Providing Username and Password******
2020-02-01 07:17:21,037 [main] INFO nopCommerce - ******Click on Sign******
2020-02-01 07:17:35,356 [main] INFO nopCommerce - ******Login Passed******
2020-02-01 07:17:35,370 [main] INFO nopCommerce - ******Click on Logout******
2020-02-01 07:17:40,290 [main] INFO nopCommerce - ******Login Passed******
2020-02-01 07:17:40,312 [main] INFO nopCommerce - ******Close the browser******
2020-02-01 07:17:46,034 [main] INFO nopCommerce - ******Opening Browsers******
2020-02-01 07:17:50,170 [main] INFO nopCommerce - ******Opening URL******
2020-02-01 07:17:51,797 [main] INFO nopCommerce - ******Providing Username and Password******
2020-02-01 07:17:52,026 [main] INFO nopCommerce - ******Click on Sign******
2020-02-01 07:18:02,875 [main] INFO nopCommerce - ******Login Passed******
2020-02-01 07:18:02,891 [main] INFO nopCommerce - ******Click on Logout******
2020-02-01 07:18:08,087 [main] INFO nopCommerce - ******Login Passed******
2020-02-01 07:18:08,109 [main] INFO nopCommerce - ******Close the browser******
2020-02-01 07:18:13,941 [main] INFO nopCommerce - ******Opening Browsers******
2020-02-01 07:18:18,074 [main] INFO nopCommerce - ******Opening URL******
2020-02-01 07:18:20,759 [main] INFO nopCommerce - ******Providing Username and Password******
2020-02-01 07:18:20,983 [main] INFO nopCommerce - ******Click on Sign******
2020-02-01 07:18:33,227 [main] INFO nopCommerce - ******Login Passed******
2020-02-01 07:18:33,243 [main] INFO nopCommerce - ******Click on Logout******
2020-02-01 07:18:38,305 [main] INFO nopCommerce - ******Login Passed******
2020-02-01 07:18:38,325 [main] INFO nopCommerce - ******Close the browser******
